[2025-Mar-21 20:04:34.480 +01:00][44703:44703][info ] Logging initialized
[2025-Mar-21 20:04:34.480 +01:00][44703:44703][info ] Initializing krisp SDK...
[2025-Mar-21 20:04:34.480 +01:00][44703:44703][info ] DoKrispInitialize
[2025-Mar-21 20:04:34.701 +01:00][44703:44703][info ] LoadDynamicKrisp
[2025-Mar-21 20:04:34.701 +01:00][44703:44703][info ] Did not find KRISP_DYLIB_PATH, skipping dynamic loading
[2025-Mar-21 20:04:34.701 +01:00][44703:44703][info ] Initializing Krisp SDK in PID 44703, addr 0x7a014f3908f0
[2025-Mar-21 20:04:34.829 +01:00][44703:44703][info ] Initialized Krisp SDK successfully
[2025-Mar-21 20:04:34.829 +01:00][44703:44703][info ] Krisp SDK initialized
[2025-Mar-21 20:09:38.264 +01:00][45343:45343][info ] Logging initialized
[2025-Mar-21 20:09:38.264 +01:00][45343:45343][info ] Initializing krisp SDK...
[2025-Mar-21 20:09:38.264 +01:00][45343:45343][info ] DoKrispInitialize
[2025-Mar-21 20:09:38.479 +01:00][45343:45343][info ] LoadDynamicKrisp
[2025-Mar-21 20:09:38.479 +01:00][45343:45343][info ] Did not find KRISP_DYLIB_PATH, skipping dynamic loading
[2025-Mar-21 20:09:38.479 +01:00][45343:45343][info ] Initializing Krisp SDK in PID 45343, addr 0x7e8a757908f0
[2025-Mar-21 20:09:38.597 +01:00][45343:45343][info ] Initialized Krisp SDK successfully
[2025-Mar-21 20:09:38.597 +01:00][45343:45343][info ] Krisp SDK initialized
[2025-Mar-21 20:35:20.750 +01:00][45343:45388][info ] KrispNCSetup: sampleRate = 48000, duration = 10
[2025-Mar-21 20:35:20.750 +01:00][45343:45388][info ] Setting Krisp model: full_NC
[2025-Mar-21 20:35:20.755 +01:00][45343:45388][info ] KrispVADSetup: sampleRate = 48000, duration = 10
[2025-Mar-21 20:42:19.274 +01:00][45343:45388][info ] KrispVADSetup: sampleRate = 48000, duration = 10
[2025-Mar-21 20:42:56.478 +01:00][45343:45369][info ] KrispVADReset
[2025-Mar-21 20:42:56.500 +01:00][45343:45388][info ] KrispVADSetup: sampleRate = 48000, duration = 10
[2025-Mar-21 20:43:11.461 +01:00][45343:45369][info ] KrispVADReset
[2025-Mar-21 20:43:11.498 +01:00][45343:45388][info ] KrispVADSetup: sampleRate = 48000, duration = 10
[2025-Mar-21 20:43:22.498 +01:00][45343:45369][info ] KrispVADReset
[2025-Mar-21 20:43:27.882 +01:00][45343:45388][info ] KrispVADSetup: sampleRate = 48000, duration = 10
[2025-Mar-21 20:43:29.838 +01:00][45343:45369][info ] KrispVADReset
[2025-Mar-21 20:43:29.844 +01:00][45343:45388][info ] KrispVADSetup: sampleRate = 48000, duration = 10
[2025-Mar-21 20:43:39.597 +01:00][45343:45369][info ] KrispVADReset
[2025-Mar-21 20:43:39.615 +01:00][45343:45388][info ] KrispVADSetup: sampleRate = 48000, duration = 10
[2025-Mar-21 20:43:55.769 +01:00][45343:45369][info ] KrispVADReset
[2025-Mar-21 20:44:04.639 +01:00][45343:45388][info ] KrispVADSetup: sampleRate = 48000, duration = 10
[2025-Mar-21 20:44:14.214 +01:00][45343:45369][info ] KrispVADReset
[2025-Mar-21 20:44:15.882 +01:00][45343:45369][info ] KrispVADReset
[2025-Mar-21 20:44:18.549 +01:00][45343:45388][info ] KrispVADSetup: sampleRate = 48000, duration = 10
[2025-Mar-21 20:44:24.404 +01:00][45343:45369][info ] KrispVADReset
[2025-Mar-21 20:44:50.391 +01:00][45343:45388][info ] KrispVADSetup: sampleRate = 48000, duration = 10
[2025-Mar-21 20:46:04.386 +01:00][45343:45369][info ] KrispVADReset
[2025-Mar-29 17:44:00.064 +01:00][ 9344: 9344][info ] Logging initialized
[2025-Mar-29 17:44:00.064 +01:00][ 9344: 9344][info ] Initializing krisp SDK...
[2025-Mar-29 17:44:00.064 +01:00][ 9344: 9344][info ] DoKrispInitialize
[2025-Mar-29 17:44:00.400 +01:00][ 9344: 9344][info ] LoadDynamicKrisp
[2025-Mar-29 17:44:00.400 +01:00][ 9344: 9344][info ] Did not find KRISP_DYLIB_PATH, skipping dynamic loading
[2025-Mar-29 17:44:00.400 +01:00][ 9344: 9344][info ] Initializing Krisp SDK in PID 9344, addr 0x7c400ff908f0
[2025-Mar-29 17:44:00.553 +01:00][ 9344: 9344][info ] Initialized Krisp SDK successfully
[2025-Mar-29 17:44:00.553 +01:00][ 9344: 9344][info ] Krisp SDK initialized
