3/29/2025, 5:43:50 PM GMT+1 0: 

----------------------------------------------
3/29/2025, 5:43:50 PM GMT+1 1: Discord starting: {"releaseChannel":"stable","version":"0.0.89"}, modulepath: /home/Carlos/.config/discord/0.0.89/modules
3/29/2025, 5:43:50 PM GMT+1 2: ✅ webContents.created web1 ""
3/29/2025, 5:43:50 PM GMT+1 3: ✅ window.created win1 "discord"
3/29/2025, 5:43:50 PM GMT+1 4: ✅ webContents.did-finish-load web1
3/29/2025, 5:43:56 PM GMT+1 5: ✅ webContents.created web2 ""
3/29/2025, 5:43:56 PM GMT+1 6: ✅ window.created win2 "Discord"
3/29/2025, 5:43:58 PM GMT+1 7: ✅ webContents.did-finish-load web2
3/29/2025, 5:43:58 PM GMT+1 8: window.close win1
3/29/2025, 5:43:58 PM GMT+1 9: webContents.destroyed web1
3/29/2025, 5:43:58 PM GMT+1 10: window.closed win1
3/29/2025, 5:43:59 PM GMT+1 11: window.close win2
3/29/2025, 6:41:18 PM GMT+1 12: before-quit
3/29/2025, 6:41:18 PM GMT+1 13: window.close win2
3/29/2025, 6:41:18 PM GMT+1 14: ❌ child-process-gone {
  type: 'Utility',
  reason: 'killed',
  exitCode: 15,
  serviceName: 'audio.mojom.AudioService',
  name: 'Audio Service'
}
3/29/2025, 6:41:18 PM GMT+1 15: ❌ child-process-gone {
  type: 'Utility',
  reason: 'killed',
  exitCode: 15,
  serviceName: 'network.mojom.NetworkService',
  name: 'Network Service'
}
